INFO [2020-11-19 18:05:56] $x
INFO [2020-11-19 18:05:56] list(ugvenncast$Bushenyi, ugvenncast$Rubirizi, ugvenncast$Sheema)
INFO [2020-11-19 18:05:56] 
INFO [2020-11-19 18:05:56] $category.names
INFO [2020-11-19 18:05:56] c("Bushenyi", "Rubirizi", "Sheema")
INFO [2020-11-19 18:05:56] 
INFO [2020-11-19 18:05:56] $filename
INFO [2020-11-19 18:05:56] NULL
INFO [2020-11-19 18:05:56] 
INFO [2020-11-19 18:05:56] $output
INFO [2020-11-19 18:05:56] [1] TRUE
INFO [2020-11-19 18:05:56] 
INFO [2020-11-19 18:05:56] $height
INFO [2020-11-19 18:05:56] [1] 1000
INFO [2020-11-19 18:05:56] 
INFO [2020-11-19 18:05:56] $width
INFO [2020-11-19 18:05:56] [1] 1000
INFO [2020-11-19 18:05:56] 
INFO [2020-11-19 18:05:56] $resolution
INFO [2020-11-19 18:05:56] [1] 1000
INFO [2020-11-19 18:05:56] 
