INFO [2020-11-19 18:07:51] $x
INFO [2020-11-19 18:07:51] list(ugvenncast$Bushenyi, ugvenncast$Rubirizi, ugvenncast$Sheema)
INFO [2020-11-19 18:07:51] 
INFO [2020-11-19 18:07:51] $category.names
INFO [2020-11-19 18:07:51] c("Bushenyi", "Rubirizi", "Sheema")
INFO [2020-11-19 18:07:51] 
INFO [2020-11-19 18:07:51] $filename
INFO [2020-11-19 18:07:51] NULL
INFO [2020-11-19 18:07:51] 
INFO [2020-11-19 18:07:51] $output
INFO [2020-11-19 18:07:51] [1] TRUE
INFO [2020-11-19 18:07:51] 
INFO [2020-11-19 18:07:51] $height
INFO [2020-11-19 18:07:51] [1] 3000
INFO [2020-11-19 18:07:51] 
INFO [2020-11-19 18:07:51] $width
INFO [2020-11-19 18:07:51] [1] 3000
INFO [2020-11-19 18:07:51] 
INFO [2020-11-19 18:07:51] $resolution
INFO [2020-11-19 18:07:51] [1] 600
INFO [2020-11-19 18:07:51] 
