INFO [2021-02-26 18:52:34] $x
INFO [2021-02-26 18:52:34] list(ugvenncast$Bushenyi, ugvenncast$Rubirizi, ugvenncast$Sheema)
INFO [2021-02-26 18:52:34] 
INFO [2021-02-26 18:52:34] $category.names
INFO [2021-02-26 18:52:34] c("Bushenyi", "Rubirizi", "Sheema")
INFO [2021-02-26 18:52:34] 
INFO [2021-02-26 18:52:34] $filename
INFO [2021-02-26 18:52:34] NULL
INFO [2021-02-26 18:52:34] 
INFO [2021-02-26 18:52:34] $output
INFO [2021-02-26 18:52:34] [1] TRUE
INFO [2021-02-26 18:52:34] 
INFO [2021-02-26 18:52:34] $height
INFO [2021-02-26 18:52:34] [1] 3000
INFO [2021-02-26 18:52:34] 
INFO [2021-02-26 18:52:34] $width
INFO [2021-02-26 18:52:34] [1] 3000
INFO [2021-02-26 18:52:34] 
INFO [2021-02-26 18:52:34] $resolution
INFO [2021-02-26 18:52:34] [1] 600
INFO [2021-02-26 18:52:34] 
