INFO [2020-11-19 18:09:42] $x
INFO [2020-11-19 18:09:42] list(ugvenncast$Bushenyi, ugvenncast$Rubirizi, ugvenncast$Sheema)
INFO [2020-11-19 18:09:42] 
INFO [2020-11-19 18:09:42] $category.names
INFO [2020-11-19 18:09:42] c("Bushenyi", "Rubirizi", "Sheema")
INFO [2020-11-19 18:09:42] 
INFO [2020-11-19 18:09:42] $filename
INFO [2020-11-19 18:09:42] NULL
INFO [2020-11-19 18:09:42] 
INFO [2020-11-19 18:09:42] $output
INFO [2020-11-19 18:09:42] [1] TRUE
INFO [2020-11-19 18:09:42] 
INFO [2020-11-19 18:09:42] $height
INFO [2020-11-19 18:09:42] [1] 3000
INFO [2020-11-19 18:09:42] 
INFO [2020-11-19 18:09:42] $width
INFO [2020-11-19 18:09:42] [1] 3000
INFO [2020-11-19 18:09:42] 
INFO [2020-11-19 18:09:42] $resolution
INFO [2020-11-19 18:09:42] [1] 600
INFO [2020-11-19 18:09:42] 
